INFO:root:12312
2021-04-07 11:55:57 PM 12312
2021-04-08 12:01:43 AM 12312
2021-04-08 12:04:06 AM --------------------------------------------- BEGIN: 2021-04-08 00:04:06 ---------------------------------------------
2021-04-08 12:11:24 AM --------------------------------------------- BEGIN: 2021-04-08 00:11:24 ---------------------------------------------
2021-04-08 12:12:11 AM --------------------------------------------- BEGIN: 2021-04-08 00:12:11 ---------------------------------------------
2021-04-08 12:12:19 AM train.shape=(150000, 28),test.shape=(150000, 28)
2021-04-08 12:13:55 AM --------------------------------------------- BEGIN: 2021-04-08 00:13:55 ---------------------------------------------
2021-04-08 12:13:57 AM train.shape=(150000, 28),test.shape=(150000, 28)
2021-04-08 12:16:15 AM --------------------------------------------- BEGIN: 2021-04-08 00:16:15 ---------------------------------------------
2021-04-08 12:16:17 AM train.shape=(150000, 28),test.shape=(150000, 28)
2021-04-08 12:16:37 AM XGBRegressor(base_score=None, booster='gbtree', colsample_bylevel=None,
             colsample_bynode=None, colsample_bytree=None, gamma=None,
             gpu_id=None, importance_type='gain', interaction_constraints=None,
             learning_rate=None, max_delta_step=None, max_depth=None,
             min_child_weight=None, missing=nan, monotone_constraints=None,
             n_estimators=100, n_jobs=None, num_parallel_tree=None,
             objective='reg:gamma', random_state=None, reg_alpha=None,
             reg_lambda=None, scale_pos_weight=None, subsample=None,
             tree_method=None, validate_parameters=None, verbosity=None)
2021-04-08 12:17:23 AM --------------------------------------------- BEGIN: 2021-04-08 00:17:23 ---------------------------------------------
2021-04-08 12:17:25 AM train.shape=(150000, 28),test.shape=(150000, 28)
2021-04-08 12:18:27 AM XGBRegressor(base_score=0.5, booster='gbtree', colsample_bylevel=1,
             colsample_bynode=1, colsample_bytree=1, gamma=0, gpu_id=-1,
             importance_type='gain', interaction_constraints='',
             learning_rate=0.300000012, max_delta_step=0, max_depth=6,
             min_child_weight=1, missing=nan, monotone_constraints='()',
             n_estimators=100, n_jobs=0, num_parallel_tree=1,
             objective='reg:gamma', random_state=0, reg_alpha=0, reg_lambda=1,
             scale_pos_weight=None, subsample=1, tree_method='exact',
             validate_parameters=1, verbosity=None)
2021-04-08 12:18:39 AM 0.04405313741928351
2021-04-08 12:21:38 AM --------------------------------------------- BEGIN: 2021-04-08 00:21:38 ---------------------------------------------
2021-04-08 12:21:39 AM train.shape=(150000, 28),test.shape=(150000, 28)
2021-04-08 12:22:43 AM 误差loss={loss}时,模型的参数为：
2021-04-08 12:22:43 AM XGBRegressor(base_score=0.5, booster='gbtree', colsample_bylevel=1,
             colsample_bynode=1, colsample_bytree=1, gamma=0, gpu_id=-1,
             importance_type='gain', interaction_constraints='',
             learning_rate=0.300000012, max_delta_step=0, max_depth=6,
             min_child_weight=1, missing=nan, monotone_constraints='()',
             n_estimators=100, n_jobs=0, num_parallel_tree=1,
             objective='reg:gamma', random_state=0, reg_alpha=0, reg_lambda=1,
             scale_pos_weight=None, subsample=1, tree_method='exact',
             validate_parameters=1, verbosity=None)
2021-04-08 12:22:52 AM --------------------------------------------- END: 2021-04-08 00:22:52 ---------------------------------------------
2021-04-08 12:28:52 AM --------------------------------------------- BEGIN: 2021-04-08 00:28:52 ---------------------------------------------
2021-04-08 12:28:54 AM train.shape=(150000, 28),test.shape=(150000, 28)
2021-04-08 12:29:59 AM 误差loss=0.04405313741928351时,模型的参数为：
2021-04-08 12:29:59 AM XGBRegressor(base_score=0.5, booster='gbtree', colsample_bylevel=1,
             colsample_bynode=1, colsample_bytree=1, gamma=0, gpu_id=-1,
             importance_type='gain', interaction_constraints='',
             learning_rate=0.300000012, max_delta_step=0, max_depth=6,
             min_child_weight=1, missing=nan, monotone_constraints='()',
             n_estimators=100, n_jobs=0, num_parallel_tree=1,
             objective='reg:gamma', random_state=0, reg_alpha=0, reg_lambda=1,
             scale_pos_weight=None, subsample=1, tree_method='exact',
             validate_parameters=1, verbosity=None)
2021-04-08 12:30:52 AM --------------------------------------------- DEBUG PARAMETER: 2021-04-08 00:30:52 ---------------------------------------------
2021-04-08 12:30:52 AM --------------------调试1：--------------------
2021-04-08 01:15:42 AM --------------------------------------------- BEGIN: 2021-04-08 01:15:42 ---------------------------------------------
2021-04-08 01:15:45 AM train.shape=(150000, 28),test.shape=(150000, 28)
2021-04-08 01:16:52 AM 误差loss=0.04405313741928351时,模型的参数为：
2021-04-08 01:16:52 AM XGBRegressor(base_score=0.5, booster='gbtree', colsample_bylevel=1,
             colsample_bynode=1, colsample_bytree=1, gamma=0, gpu_id=-1,
             importance_type='gain', interaction_constraints='',
             learning_rate=0.300000012, max_delta_step=0, max_depth=6,
             min_child_weight=1, missing=nan, monotone_constraints='()',
             n_estimators=100, n_jobs=0, num_parallel_tree=1,
             objective='reg:gamma', random_state=0, reg_alpha=0, reg_lambda=1,
             scale_pos_weight=None, subsample=1, tree_method='exact',
             validate_parameters=1, verbosity=None)
2021-04-08 01:17:29 AM --------------------------------------------- DEBUG PARAMETER: 2021-04-08 01:17:29 ---------------------------------------------
2021-04-08 01:17:29 AM --------------------调试1：--------------------
2021-04-08 01:18:15 AM 误差loss=0.04405313741928351时,模型的参数为：
2021-04-08 01:18:15 AM XGBRegressor(base_score=0.5, booster='gbtree', colsample_bylevel=1,
             colsample_bynode=1, colsample_bytree=1, gamma=0, gpu_id=-1,
             importance_type='gain', interaction_constraints='',
             learning_rate=0.300000012, max_delta_step=0, max_depth=6,
             min_child_weight=1, missing=nan, monotone_constraints='()',
             n_estimators=100, n_jobs=0, num_parallel_tree=1,
             objective='reg:gamma', random_state=0, reg_alpha=0, reg_lambda=1,
             scale_pos_weight=None, subsample=1, tree_method='exact',
             validate_parameters=1, verbosity=None)
2021-04-08 01:19:43 AM --------------------------------------------- BEGIN: 2021-04-08 01:19:43 ---------------------------------------------
2021-04-08 01:19:46 AM train.shape=(150000, 28),test.shape=(150000, 28)
2021-04-08 01:20:51 AM 误差loss=0.04405313741928351时,模型的参数为：
2021-04-08 01:20:51 AM XGBRegressor(base_score=0.5, booster='gbtree', colsample_bylevel=1,
             colsample_bynode=1, colsample_bytree=1, gamma=0, gpu_id=-1,
             importance_type='gain', interaction_constraints='',
             learning_rate=0.300000012, max_delta_step=0, max_depth=6,
             min_child_weight=1, missing=nan, monotone_constraints='()',
             n_estimators=100, n_jobs=0, num_parallel_tree=1,
             objective='reg:gamma', random_state=0, reg_alpha=0, reg_lambda=1,
             scale_pos_weight=None, subsample=1, tree_method='exact',
             validate_parameters=1, verbosity=None)
2021-04-08 01:20:52 AM --------------------------------------------- DEBUG PARAMETER: 2021-04-08 01:20:52 ---------------------------------------------
2021-04-08 01:20:52 AM --------------------调试1：--------------------
2021-04-08 01:21:38 AM 误差loss=0.04405313741928351时,模型的参数为：
2021-04-08 01:21:38 AM XGBRegressor(base_score=0.5, booster='gbtree', colsample_bylevel=1,
             colsample_bynode=1, colsample_bytree=1, gamma=0, gpu_id=-1,
             importance_type='gain', interaction_constraints='',
             learning_rate=0.300000012, max_delta_step=0, max_depth=6,
             min_child_weight=1, missing=nan, monotone_constraints='()',
             n_estimators=100, n_jobs=0, num_parallel_tree=1,
             objective='reg:gamma', random_state=0, reg_alpha=0, reg_lambda=1,
             scale_pos_weight=None, subsample=1, tree_method='exact',
             validate_parameters=1, verbosity=None)
2021-04-08 08:15:11 PM --------------------------------------------- BEGIN: 2021-04-08 20:15:11 ---------------------------------------------
2021-04-08 08:15:14 PM train.shape=(150000, 28),test.shape=(150000, 28)
2021-04-08 08:16:36 PM 误差loss=0.04405313741928351时,模型的参数为：
2021-04-08 08:16:36 PM XGBRegressor(base_score=0.5, booster='gbtree', colsample_bylevel=1,
             colsample_bynode=1, colsample_bytree=1, gamma=0, gpu_id=-1,
             importance_type='gain', interaction_constraints='',
             learning_rate=0.300000012, max_delta_step=0, max_depth=6,
             min_child_weight=1, missing=nan, monotone_constraints='()',
             n_estimators=100, n_jobs=0, num_parallel_tree=1,
             objective='reg:gamma', random_state=0, reg_alpha=0, reg_lambda=1,
             scale_pos_weight=None, subsample=1, tree_method='exact',
             validate_parameters=1, verbosity=None)
2021-04-08 08:16:51 PM --------------------------------------------- DEBUG PARAMETER: 2021-04-08 20:16:51 ---------------------------------------------
2021-04-08 08:16:51 PM --------------------调参1：--------------------
2021-04-08 08:17:54 PM 误差loss=0.04405313741928351时,模型的参数为：
2021-04-08 08:17:54 PM XGBRegressor(base_score=0.5, booster='gbtree', colsample_bylevel=1,
             colsample_bynode=1, colsample_bytree=1, gamma=0, gpu_id=-1,
             importance_type='gain', interaction_constraints='',
             learning_rate=0.300000012, max_delta_step=0, max_depth=6,
             min_child_weight=1, missing=nan, monotone_constraints='()',
             n_estimators=100, n_jobs=0, num_parallel_tree=1,
             objective='reg:gamma', random_state=0, reg_alpha=0, reg_lambda=1,
             scale_pos_weight=None, subsample=1, tree_method='exact',
             validate_parameters=1, verbosity=None)
2021-04-08 08:17:54 PM --------------------调参2：--------------------
2021-04-08 08:33:44 PM GridSearchCV(cv=5,
             estimator=XGBRegressor(base_score=0.5, booster='gbtree',
                                    colsample_bylevel=1, colsample_bynode=1,
                                    colsample_bytree=0.8, eval_metric='rmse',
                                    gamma=0, gpu_id=-1, importance_type='gain',
                                    interaction_constraints='',
                                    learning_rate=0.300000012, max_delta_step=0,
                                    max_depth=6, min_child_weight=1,
                                    missing=nan, monotone_constraints='()',
                                    n_estimators=100, n_jobs=0,
                                    num_parallel_tree=1, objective='reg:gamma',
                                    random_state=2021, reg_alpha=0,
                                    reg_lambda=1, scale_pos_weight=None,
                                    subsample=0.8, tree_method='exact',
                                    validate_parameters=1, verbosity=None),
             param_grid={'max_depth': [3, 10, 20]})
2021-04-08 08:33:44 PM {'max_depth': 10}
2021-04-08 08:33:46 PM 误差loss=0.01694572022360617时,模型的参数为：
2021-04-08 08:33:46 PM GridSearchCV(cv=5,
             estimator=XGBRegressor(base_score=0.5, booster='gbtree',
                                    colsample_bylevel=1, colsample_bynode=1,
                                    colsample_bytree=0.8, eval_metric='rmse',
                                    gamma=0, gpu_id=-1, importance_type='gain',
                                    interaction_constraints='',
                                    learning_rate=0.300000012, max_delta_step=0,
                                    max_depth=6, min_child_weight=1,
                                    missing=nan, monotone_constraints='()',
                                    n_estimators=100, n_jobs=0,
                                    num_parallel_tree=1, objective='reg:gamma',
                                    random_state=2021, reg_alpha=0,
                                    reg_lambda=1, scale_pos_weight=None,
                                    subsample=0.8, tree_method='exact',
                                    validate_parameters=1, verbosity=None),
             param_grid={'max_depth': [3, 10, 20]})
2021-04-08 08:35:49 PM --------------------------------------------- END: 2021-04-08 20:35:49 ---------------------------------------------
2021-04-08 08:56:08 PM --------------------------------------------- BEGIN: 2021-04-08 20:56:08 ---------------------------------------------
2021-04-08 08:56:11 PM train.shape=(150000, 28),test.shape=(150000, 28)
2021-04-08 08:57:06 PM --------------------------------------------- BEGIN: 2021-04-08 20:57:06 ---------------------------------------------
2021-04-08 08:57:09 PM train.shape=(150000, 28),test.shape=(150000, 28)
2021-04-08 08:57:50 PM --------------------------------------------- BEGIN: 2021-04-08 20:57:50 ---------------------------------------------
2021-04-08 08:57:52 PM train.shape=(150000, 28),test.shape=(150000, 28)
2021-04-08 08:59:22 PM --------------------------------------------- BEGIN: 2021-04-08 20:59:22 ---------------------------------------------
2021-04-08 08:59:24 PM train.shape=(150000, 28),test.shape=(150000, 28)
2021-04-08 08:59:45 PM --------------------------------------------- DEBUG PARAMETER: 2021-04-08 20:59:45 ---------------------------------------------
2021-04-08 08:59:45 PM --------------------调参3：--------------------
2021-04-08 09:05:59 PM --------------------------------------------- BEGIN: 2021-04-08 21:05:59 ---------------------------------------------
2021-04-08 09:06:02 PM train.shape=(150000, 28),test.shape=(150000, 28)
2021-04-08 09:06:23 PM --------------------------------------------- DEBUG PARAMETER: 2021-04-08 21:06:23 ---------------------------------------------
2021-04-08 09:06:23 PM --------------------调参3：--------------------
2021-04-08 09:55:38 PM --------------------------------------------- BEGIN: 2021-04-08 21:55:38 ---------------------------------------------
2021-04-08 09:55:40 PM train.shape=(150000, 29),test.shape=(50000, 27)
2021-04-08 09:57:56 PM --------------------------------------------- BEGIN: 2021-04-08 21:57:56 ---------------------------------------------
2021-04-08 09:57:57 PM train.shape=(150000, 29),test.shape=(50000, 27)
2021-04-08 09:58:42 PM 误差loss=0.0602743564578782时,模型的参数为：
2021-04-08 09:58:42 PM XGBRegressor(base_score=0.5, booster='gbtree', colsample_bylevel=1,
             colsample_bynode=1, colsample_bytree=1, gamma=0, gpu_id=-1,
             importance_type='gain', interaction_constraints='',
             learning_rate=0.300000012, max_delta_step=0, max_depth=6,
             min_child_weight=1, missing=nan, monotone_constraints='()',
             n_estimators=100, n_jobs=0, num_parallel_tree=1,
             objective='reg:gamma', random_state=0, reg_alpha=0, reg_lambda=1,
             scale_pos_weight=None, subsample=1, tree_method='exact',
             validate_parameters=1, verbosity=None)
2021-04-08 10:00:15 PM --------------------------------------------- BEGIN: 2021-04-08 22:00:15 ---------------------------------------------
2021-04-08 10:00:16 PM train.shape=(150000, 29),test.shape=(50000, 27)
2021-04-08 10:00:59 PM 误差loss=0.0602743564578782时,模型的参数为：
2021-04-08 10:00:59 PM XGBRegressor(base_score=0.5, booster='gbtree', colsample_bylevel=1,
             colsample_bynode=1, colsample_bytree=1, gamma=0, gpu_id=-1,
             importance_type='gain', interaction_constraints='',
             learning_rate=0.300000012, max_delta_step=0, max_depth=6,
             min_child_weight=1, missing=nan, monotone_constraints='()',
             n_estimators=100, n_jobs=0, num_parallel_tree=1,
             objective='reg:gamma', random_state=0, reg_alpha=0, reg_lambda=1,
             scale_pos_weight=None, subsample=1, tree_method='exact',
             validate_parameters=1, verbosity=None)
2021-04-08 10:00:59 PM --------------------------------------------- DEBUG PARAMETER: 2021-04-08 22:00:59 ---------------------------------------------
2021-04-08 10:00:59 PM --------------------调参1：--------------------
2021-04-08 10:01:31 PM 误差loss=0.0602743564578782时,模型的参数为：
2021-04-08 10:01:31 PM XGBRegressor(base_score=0.5, booster='gbtree', colsample_bylevel=1,
             colsample_bynode=1, colsample_bytree=1, gamma=0, gpu_id=-1,
             importance_type='gain', interaction_constraints='',
             learning_rate=0.300000012, max_delta_step=0, max_depth=6,
             min_child_weight=1, missing=nan, monotone_constraints='()',
             n_estimators=100, n_jobs=0, num_parallel_tree=1,
             objective='reg:gamma', random_state=0, reg_alpha=0, reg_lambda=1,
             scale_pos_weight=None, subsample=1, tree_method='exact',
             validate_parameters=1, verbosity=None)
2021-04-08 10:01:31 PM --------------------调参3：--------------------
2021-04-08 10:03:16 PM --------------------------------------------- BEGIN: 2021-04-08 22:03:16 ---------------------------------------------
2021-04-08 10:03:17 PM train.shape=(150000, 29),test.shape=(50000, 27)
2021-04-08 10:04:00 PM 误差loss=0.0602743564578782时,模型的参数为：
2021-04-08 10:04:00 PM XGBRegressor(base_score=0.5, booster='gbtree', colsample_bylevel=1,
             colsample_bynode=1, colsample_bytree=1, gamma=0, gpu_id=-1,
             importance_type='gain', interaction_constraints='',
             learning_rate=0.300000012, max_delta_step=0, max_depth=6,
             min_child_weight=1, missing=nan, monotone_constraints='()',
             n_estimators=100, n_jobs=0, num_parallel_tree=1,
             objective='reg:gamma', random_state=0, reg_alpha=0, reg_lambda=1,
             scale_pos_weight=None, subsample=1, tree_method='exact',
             validate_parameters=1, verbosity=None)
2021-04-08 10:04:00 PM --------------------------------------------- DEBUG PARAMETER: 2021-04-08 22:04:00 ---------------------------------------------
2021-04-08 10:04:00 PM --------------------调参1：--------------------
2021-04-08 10:14:40 PM GridSearchCV(cv=5,
             estimator=XGBRegressor(base_score=0.5, booster='gbtree',
                                    colsample_bylevel=1, colsample_bynode=1,
                                    colsample_bytree=0.8, eval_metric='rmse',
                                    gamma=0, gpu_id=-1, importance_type='gain',
                                    interaction_constraints='',
                                    learning_rate=0.300000012, max_delta_step=0,
                                    max_depth=6, min_child_weight=1,
                                    missing=nan, monotone_constraints='()',
                                    n_estimators=100, n_jobs=0,
                                    num_parallel_tree=1, objective='reg:gamma',
                                    random_state=2021, reg_alpha=0,
                                    reg_lambda=1, scale_pos_weight=None,
                                    subsample=0.8, tree_method='exact',
                                    validate_parameters=1, verbosity=None),
             param_grid={'max_depth': [3, 10, 20]})
2021-04-08 10:14:40 PM 误差loss=0.06273213927604518时,模型的参数为：
2021-04-08 10:14:40 PM {'max_depth': 10}
2021-04-08 10:15:50 PM --------------------------------------------- BEGIN: 2021-04-08 22:15:50 ---------------------------------------------
2021-04-08 10:15:51 PM train.shape=(150000, 29),test.shape=(50000, 27)
2021-04-08 10:16:36 PM 误差loss=0.0602743564578782时,模型的参数为：
2021-04-08 10:16:36 PM XGBRegressor(base_score=0.5, booster='gbtree', colsample_bylevel=1,
             colsample_bynode=1, colsample_bytree=1, gamma=0, gpu_id=-1,
             importance_type='gain', interaction_constraints='',
             learning_rate=0.300000012, max_delta_step=0, max_depth=6,
             min_child_weight=1, missing=nan, monotone_constraints='()',
             n_estimators=100, n_jobs=0, num_parallel_tree=1,
             objective='reg:gamma', random_state=0, reg_alpha=0, reg_lambda=1,
             scale_pos_weight=None, subsample=1, tree_method='exact',
             validate_parameters=1, verbosity=None)
2021-04-08 10:16:37 PM --------------------------------------------- DEBUG PARAMETER: 2021-04-08 22:16:37 ---------------------------------------------
2021-04-08 10:16:37 PM --------------------调参1：--------------------
2021-04-08 10:23:56 PM GridSearchCV(cv=5,
             estimator=XGBRegressor(base_score=0.5, booster='gbtree',
                                    colsample_bylevel=1, colsample_bynode=1,
                                    colsample_bytree=0.8, eval_metric='rmse',
                                    gamma=0, gpu_id=-1, importance_type='gain',
                                    interaction_constraints='',
                                    learning_rate=0.300000012, max_delta_step=0,
                                    max_depth=6, min_child_weight=1,
                                    missing=nan, monotone_constraints='()',
                                    n_estimators=100, n_jobs=0,
                                    num_parallel_tree=1, objective='reg:gamma',
                                    random_state=2021, reg_alpha=0,
                                    reg_lambda=1, scale_pos_weight=None,
                                    subsample=0.8, tree_method='exact',
                                    validate_parameters=1, verbosity=None),
             param_grid={'max_depth': [6, 8, 10]})
2021-04-08 10:23:56 PM 误差loss=0.06203613191327101时,模型的参数为：
2021-04-08 10:23:56 PM {'max_depth': 6}
2021-04-08 10:25:15 PM --------------------------------------------- BEGIN: 2021-04-08 22:25:15 ---------------------------------------------
2021-04-08 10:25:16 PM train.shape=(150000, 29),test.shape=(50000, 27)
2021-04-08 10:26:00 PM 误差loss=0.0602743564578782时,模型的参数为：
2021-04-08 10:26:00 PM XGBRegressor(base_score=0.5, booster='gbtree', colsample_bylevel=1,
             colsample_bynode=1, colsample_bytree=1, gamma=0, gpu_id=-1,
             importance_type='gain', interaction_constraints='',
             learning_rate=0.300000012, max_delta_step=0, max_depth=6,
             min_child_weight=1, missing=nan, monotone_constraints='()',
             n_estimators=100, n_jobs=0, num_parallel_tree=1,
             objective='reg:gamma', random_state=0, reg_alpha=0, reg_lambda=1,
             scale_pos_weight=None, subsample=1, tree_method='exact',
             validate_parameters=1, verbosity=None)
2021-04-08 10:26:00 PM --------------------------------------------- DEBUG PARAMETER: 2021-04-08 22:26:00 ---------------------------------------------
2021-04-08 10:26:00 PM --------------------调参1：--------------------
2021-04-08 10:26:56 PM --------------------------------------------- BEGIN: 2021-04-08 22:26:56 ---------------------------------------------
2021-04-08 10:26:57 PM train.shape=(150000, 29),test.shape=(50000, 27)
2021-04-08 10:27:43 PM 误差loss=0.0602743564578782时,模型的参数为：
2021-04-08 10:27:43 PM XGBRegressor(base_score=0.5, booster='gbtree', colsample_bylevel=1,
             colsample_bynode=1, colsample_bytree=1, gamma=0, gpu_id=-1,
             importance_type='gain', interaction_constraints='',
             learning_rate=0.300000012, max_delta_step=0, max_depth=6,
             min_child_weight=1, missing=nan, monotone_constraints='()',
             n_estimators=100, n_jobs=0, num_parallel_tree=1,
             objective='reg:gamma', random_state=0, reg_alpha=0, reg_lambda=1,
             scale_pos_weight=None, subsample=1, tree_method='exact',
             validate_parameters=1, verbosity=None)
2021-04-08 10:27:44 PM --------------------------------------------- DEBUG PARAMETER: 2021-04-08 22:27:44 ---------------------------------------------
2021-04-08 10:28:12 PM --------------------调参2：--------------------
2021-04-08 10:44:35 PM --------------------------------------------- BEGIN: 2021-04-08 22:44:35 ---------------------------------------------
2021-04-08 10:44:38 PM train.shape=(150000, 29),test.shape=(50000, 27)
2021-04-08 10:44:48 PM --------------------------------------------- DEBUG PARAMETER: 2021-04-08 22:44:48 ---------------------------------------------
2021-04-08 10:44:48 PM --------------------调参1：--------------------
2021-04-08 10:45:38 PM --------------------------------------------- BEGIN: 2021-04-08 22:45:38 ---------------------------------------------
2021-04-08 10:45:39 PM train.shape=(150000, 29),test.shape=(50000, 27)
2021-04-08 10:45:49 PM --------------------------------------------- DEBUG PARAMETER: 2021-04-08 22:45:49 ---------------------------------------------
2021-04-08 10:45:49 PM --------------------调参1：--------------------
2021-04-08 10:46:19 PM --------------------------------------------- BEGIN: 2021-04-08 22:46:19 ---------------------------------------------
2021-04-08 10:46:21 PM train.shape=(150000, 29),test.shape=(50000, 27)
2021-04-08 10:46:31 PM --------------------------------------------- DEBUG PARAMETER: 2021-04-08 22:46:31 ---------------------------------------------
2021-04-08 10:46:31 PM --------------------调参1：--------------------
2021-04-08 10:58:43 PM --------------------------------------------- BEGIN: 2021-04-08 22:58:43 ---------------------------------------------
2021-04-08 10:58:44 PM train.shape=(150000, 29),test.shape=(50000, 27)
2021-04-08 11:00:26 PM --------------------------------------------- BEGIN: 2021-04-08 23:00:26 ---------------------------------------------
2021-04-08 11:00:28 PM train.shape=(150000, 29),test.shape=(50000, 27)
2021-04-08 11:01:12 PM 误差loss=0.0602743564578782时,模型的参数为：
2021-04-08 11:01:12 PM XGBRegressor(base_score=0.5, booster='gbtree', colsample_bylevel=1,
             colsample_bynode=1, colsample_bytree=1, gamma=0, gpu_id=-1,
             importance_type='gain', interaction_constraints='',
             learning_rate=0.300000012, max_delta_step=0, max_depth=6,
             min_child_weight=1, missing=nan, monotone_constraints='()',
             n_estimators=100, n_jobs=0, num_parallel_tree=1,
             objective='reg:gamma', random_state=0, reg_alpha=0, reg_lambda=1,
             scale_pos_weight=None, subsample=1, tree_method='exact',
             validate_parameters=1, verbosity=None)
2021-04-08 11:01:13 PM --------------------------------------------- DEBUG PARAMETER: 2021-04-08 23:01:13 ---------------------------------------------
2021-04-08 11:01:13 PM --------------------调参1：--------------------
2021-04-09 12:03:44 AM GridSearchCV(cv=5,
             estimator=XGBRegressor(base_score=0.5, booster='gbtree',
                                    colsample_bylevel=1, colsample_bynode=1,
                                    colsample_bytree=0.8, eval_metric='rmse',
                                    gamma=0, gpu_id=-1, importance_type='gain',
                                    interaction_constraints='',
                                    learning_rate=0.300000012, max_delta_step=0,
                                    max_depth=6, min_child_weight=1,
                                    missing=nan, monotone_constraints='()',
                                    n_estimators=100, n_jobs=0,
                                    num_parallel_tree=1, objective='reg:gamma',
                                    random_state=2021, reg_alpha=0,
                                    reg_lambda=1, scale_pos_weight=None,
                                    subsample=0.8, tree_method='exact',
                                    validate_parameters=1, verbosity=None),
             param_grid={'max_depth': [3, 4, 5, 6, 7, 8, 9],
                         'min_child_weight': [1, 2, 3, 4, 5]})
2021-04-09 12:03:46 AM 误差loss=0.06039603576399363时,模型的参数为：
2021-04-09 12:03:46 AM {'max_depth': 7, 'min_child_weight': 5}
2021-04-09 12:52:57 AM --------------------------------------------- BEGIN: 2021-04-09 00:52:57 ---------------------------------------------
2021-04-09 12:52:59 AM train.shape=(150000, 29),test.shape=(50000, 27)
2021-04-09 12:53:44 AM 误差loss=0.0602743564578782时,模型的参数为：
2021-04-09 12:53:44 AM XGBRegressor(base_score=0.5, booster='gbtree', colsample_bylevel=1,
             colsample_bynode=1, colsample_bytree=1, gamma=0, gpu_id=-1,
             importance_type='gain', interaction_constraints='',
             learning_rate=0.300000012, max_delta_step=0, max_depth=6,
             min_child_weight=1, missing=nan, monotone_constraints='()',
             n_estimators=100, n_jobs=0, num_parallel_tree=1,
             objective='reg:gamma', random_state=0, reg_alpha=0, reg_lambda=1,
             scale_pos_weight=None, subsample=1, tree_method='exact',
             validate_parameters=1, verbosity=None)
2021-04-09 12:53:46 AM --------------------------------------------- DEBUG PARAMETER: 2021-04-09 00:53:46 ---------------------------------------------
2021-04-09 12:53:46 AM --------------------调参2：--------------------
2021-04-09 12:57:04 AM --------------------------------------------- BEGIN: 2021-04-09 00:57:04 ---------------------------------------------
2021-04-09 12:57:05 AM train.shape=(150000, 29),test.shape=(50000, 27)
2021-04-09 12:57:49 AM 误差loss=0.0602743564578782时,模型的参数为：
2021-04-09 12:57:49 AM XGBRegressor(base_score=0.5, booster='gbtree', colsample_bylevel=1,
             colsample_bynode=1, colsample_bytree=1, gamma=0, gpu_id=-1,
             importance_type='gain', interaction_constraints='',
             learning_rate=0.300000012, max_delta_step=0, max_depth=6,
             min_child_weight=1, missing=nan, monotone_constraints='()',
             n_estimators=100, n_jobs=0, num_parallel_tree=1,
             objective='reg:gamma', random_state=0, reg_alpha=0, reg_lambda=1,
             scale_pos_weight=None, subsample=1, tree_method='exact',
             validate_parameters=1, verbosity=None)
2021-04-09 12:57:49 AM --------------------------------------------- DEBUG PARAMETER: 2021-04-09 00:57:49 ---------------------------------------------
2021-04-09 12:57:49 AM --------------------调参2：--------------------
2021-04-09 05:42:54 AM GridSearchCV(cv=5,
             estimator=XGBRegressor(base_score=0.5, booster='gbtree',
                                    colsample_bylevel=1, colsample_bynode=1,
                                    colsample_bytree=0.8, eval_metric='rmse',
                                    gamma=0, gpu_id=-1, importance_type='gain',
                                    interaction_constraints='',
                                    learning_rate=0.300000012, max_delta_step=0,
                                    max_depth=7, min_child_weight=5,
                                    missing=nan, monotone_constraints='()',
                                    n_estimators=100, n...
                                    num_parallel_tree=1, objective='reg:gamma',
                                    random_state=2021, reg_alpha=0,
                                    reg_lambda=1, scale_pos_weight=None,
                                    subsample=0.8, tree_method='exact',
                                    validate_parameters=1, verbosity=None),
             param_grid={'learning_rate': [0.01, 0.05, 0.1, 0.2, 0.3, 0.4, 0.5],
                         'n_estimators': [10, 15, 20, 25, 30, 35, 40, 45, 50,
                                          55, 60, 65, 70, 75, 80, 85, 90, 95,
                                          100, 105, 110, 115, 120, 125, 130,
                                          135, 140, 145]})
2021-04-09 05:42:55 AM {'learning_rate': 0.2, 'n_estimators': 145}
2021-04-09 05:42:56 AM 误差loss=0.05778166164973256时,模型的参数为：
2021-04-09 07:02:22 AM --------------------------------------------- BEGIN: 2021-04-09 07:02:22 ---------------------------------------------
2021-04-09 07:02:25 AM train.shape=(150000, 29),test.shape=(50000, 27)
2021-04-09 07:03:11 AM 误差loss=0.0602743564578782时,模型的参数为：
2021-04-09 07:03:11 AM XGBRegressor(base_score=0.5, booster='gbtree', colsample_bylevel=1,
             colsample_bynode=1, colsample_bytree=1, gamma=0, gpu_id=-1,
             importance_type='gain', interaction_constraints='',
             learning_rate=0.300000012, max_delta_step=0, max_depth=6,
             min_child_weight=1, missing=nan, monotone_constraints='()',
             n_estimators=100, n_jobs=0, num_parallel_tree=1,
             objective='reg:gamma', random_state=0, reg_alpha=0, reg_lambda=1,
             scale_pos_weight=None, subsample=1, tree_method='exact',
             validate_parameters=1, verbosity=None)
2021-04-09 07:03:16 AM --------------------------------------------- DEBUG PARAMETER: 2021-04-09 07:03:16 ---------------------------------------------
2021-04-09 07:04:50 AM --------------------调参3：--------------------
2021-04-09 09:43:57 AM GridSearchCV(cv=5,
             estimator=XGBRegressor(base_score=0.5, booster='gbtree',
                                    colsample_bylevel=1, colsample_bynode=1,
                                    colsample_bytree=0.8, eval_metric='rmse',
                                    gamma=0, gpu_id=-1, importance_type='gain',
                                    interaction_constraints='',
                                    learning_rate=0.2, max_delta_step=0,
                                    max_depth=6, min_child_weight=1,
                                    missing=nan, monotone_constraints='()',
                                    n_estimators=145, n_jobs=0,
                                    num_parallel_tree=1, objective='reg:gamma',
                                    random_state=2021, reg_alpha=0,
                                    reg_lambda=1, scale_pos_weight=None,
                                    subsample=0.8, tree_method='exact',
                                    validate_parameters=1, verbosity=None),
             param_grid={'colsample_bytree': [0.5, 0.6, 0.7, 0.8, 0.85, 0.9,
                                              0.95, 1],
                         'subsample': [0.5, 0.6, 0.7, 0.8, 0.85, 0.9, 0.95, 1]})
2021-04-09 09:43:58 AM 误差loss=0.05882159937661019时,模型的参数为：
2021-04-09 09:43:58 AM {'colsample_bytree': 0.5, 'subsample': 0.95}
2021-04-09 10:44:49 PM --------------------------------------------- BEGIN: 2021-04-09 22:44:49 ---------------------------------------------
2021-04-09 10:44:52 PM train.shape=(150000, 29),test.shape=(50000, 27)
2021-04-09 10:45:03 PM --------------------------------------------- DEBUG PARAMETER: 2021-04-09 22:45:03 ---------------------------------------------
2021-04-09 10:45:31 PM --------------------调参4：--------------------
2021-04-09 10:46:05 PM 误差loss=0.05814600019730827时,模型的参数为：
2021-04-09 10:48:22 PM --------------------------------------------- BEGIN: 2021-04-09 22:48:22 ---------------------------------------------
2021-04-09 10:48:24 PM train.shape=(150000, 29),test.shape=(50000, 27)
2021-04-09 10:48:35 PM --------------------------------------------- DEBUG PARAMETER: 2021-04-09 22:48:35 ---------------------------------------------
2021-04-09 10:48:40 PM --------------------调参4：--------------------
2021-04-09 10:49:11 PM 误差loss=0.0585385487713349时,模型的参数为：
2021-04-09 10:51:45 PM --------------------------------------------- BEGIN: 2021-04-09 22:51:45 ---------------------------------------------
2021-04-09 10:51:46 PM train.shape=(150000, 29),test.shape=(50000, 27)
2021-04-09 10:51:57 PM --------------------------------------------- DEBUG PARAMETER: 2021-04-09 22:51:57 ---------------------------------------------
2021-04-09 10:51:57 PM --------------------调参4：--------------------
2021-04-09 10:52:35 PM 误差loss=0.05943712538974591时,模型的参数为：
2021-04-09 10:54:24 PM --------------------------------------------- BEGIN: 2021-04-09 22:54:24 ---------------------------------------------
2021-04-09 10:54:25 PM train.shape=(150000, 29),test.shape=(50000, 27)
2021-04-09 10:54:36 PM --------------------------------------------- DEBUG PARAMETER: 2021-04-09 22:54:36 ---------------------------------------------
2021-04-09 10:54:36 PM --------------------调参4：--------------------
2021-04-09 10:55:10 PM 误差loss=0.05814600019730827时,模型的参数为：
2021-04-09 10:56:39 PM --------------------------------------------- BEGIN: 2021-04-09 22:56:39 ---------------------------------------------
2021-04-09 10:56:41 PM train.shape=(150000, 29),test.shape=(50000, 27)
2021-04-09 10:56:52 PM --------------------------------------------- DEBUG PARAMETER: 2021-04-09 22:56:52 ---------------------------------------------
2021-04-09 10:56:52 PM --------------------调参4：--------------------
2021-04-09 10:57:33 PM 误差loss=0.057985998250623776时,模型的参数为：
2021-04-09 10:57:33 PM --------------------------------------------- END: 2021-04-09 22:57:33 ---------------------------------------------
2021-04-09 10:59:10 PM --------------------------------------------- BEGIN: 2021-04-09 22:59:10 ---------------------------------------------
2021-04-09 10:59:12 PM train.shape=(150000, 29),test.shape=(50000, 27)
2021-04-09 10:59:24 PM --------------------------------------------- DEBUG PARAMETER: 2021-04-09 22:59:24 ---------------------------------------------
2021-04-09 10:59:24 PM --------------------调参4：--------------------
2021-04-09 11:00:12 PM 误差loss=0.057660724994619626时,模型的参数为：
2021-04-09 11:00:12 PM --------------------------------------------- END: 2021-04-09 23:00:12 ---------------------------------------------
2021-04-09 11:01:08 PM --------------------------------------------- BEGIN: 2021-04-09 23:01:08 ---------------------------------------------
2021-04-09 11:01:09 PM train.shape=(150000, 29),test.shape=(50000, 27)
2021-04-09 11:01:20 PM --------------------------------------------- DEBUG PARAMETER: 2021-04-09 23:01:20 ---------------------------------------------
2021-04-09 11:01:20 PM --------------------调参4：--------------------
2021-04-09 11:02:30 PM 误差loss=0.057490029712003864时,模型的参数为：
2021-04-09 11:02:30 PM --------------------------------------------- END: 2021-04-09 23:02:30 ---------------------------------------------
2021-04-09 11:03:44 PM --------------------------------------------- BEGIN: 2021-04-09 23:03:44 ---------------------------------------------
2021-04-09 11:03:45 PM train.shape=(150000, 29),test.shape=(50000, 27)
2021-04-09 11:03:56 PM --------------------------------------------- DEBUG PARAMETER: 2021-04-09 23:03:56 ---------------------------------------------
2021-04-09 11:03:56 PM --------------------调参4：--------------------
2021-04-09 11:05:50 PM 误差loss=0.057393366011742115时,模型的参数为：
2021-04-09 11:05:50 PM --------------------------------------------- END: 2021-04-09 23:05:50 ---------------------------------------------
2021-04-09 11:09:02 PM --------------------------------------------- BEGIN: 2021-04-09 23:09:02 ---------------------------------------------
2021-04-09 11:09:03 PM train.shape=(150000, 29),test.shape=(50000, 27)
2021-04-09 11:09:14 PM --------------------------------------------- DEBUG PARAMETER: 2021-04-09 23:09:14 ---------------------------------------------
2021-04-09 11:09:14 PM --------------------调参4：--------------------
2021-04-09 11:10:01 PM 误差loss=0.057660724994619626时,模型的参数为：
2021-04-10 02:18:36 AM --------------------------------------------- BEGIN: 2021-04-10 02:18:36 ---------------------------------------------
2021-04-10 02:18:38 AM train.shape=(150000, 29),test.shape=(50000, 27)
2021-04-10 02:18:49 AM --------------------------------------------- DEBUG PARAMETER: 2021-04-10 02:18:49 ---------------------------------------------
2021-04-10 02:18:52 AM --------------------调参5：--------------------
2021-04-10 08:23:57 AM GridSearchCV(cv=5,
             estimator=XGBRegressor(base_score=0.5, booster='gbtree',
                                    colsample_bylevel=1, colsample_bynode=1,
                                    colsample_bytree=0.5, eval_metric='rmse',
                                    gamma=0, gpu_id=-1, importance_type='gain',
                                    interaction_constraints='',
                                    learning_rate=0.2, max_delta_step=0,
                                    max_depth=7, min_child_weight=5,
                                    missing=nan, monotone_constraints='()',
                                    n_estimators=200, n_jobs=0,
                                    num_parallel_tree=1, objective='reg:gamma',
                                    random_state=2021, reg_alpha=0,
                                    reg_lambda=1, scale_pos_weight=None,
                                    subsample=0.95, tree_method='exact',
                                    validate_parameters=1, verbosity=None),
             param_grid={'reg_alpha': [0.1, 0.3, 0.5, 0.6, 0.7, 0.8, 0.85, 0.9,
                                       0.95, 1],
                         'reg_lambda': [0.1, 0.3, 0.5, 0.6, 0.7, 0.8, 0.85, 0.9,
                                        0.95, 1]})
2021-04-10 08:24:00 AM 误差loss=0.056469999954277046时,模型的参数为：
2021-04-10 08:24:00 AM {'reg_alpha': 0.85, 'reg_lambda': 0.95}
2021-04-10 08:54:53 AM --------------------------------------------- BEGIN: 2021-04-10 08:54:53 ---------------------------------------------
2021-04-10 08:54:56 AM train.shape=(150000, 29),test.shape=(50000, 27)
2021-04-10 08:55:09 AM --------------------------------------------- DEBUG PARAMETER: 2021-04-10 08:55:09 ---------------------------------------------
2021-04-10 08:55:09 AM --------------------最终模型：--------------------
2021-04-10 08:56:07 AM 误差loss=0.056469999954277046时,模型的参数为：
2021-04-10 08:56:56 AM --------------------------------------------- END: 2021-04-10 08:56:56 ---------------------------------------------
2021-04-10 09:01:12 AM --------------------------------------------- BEGIN: 2021-04-10 09:01:12 ---------------------------------------------
2021-04-10 09:01:14 AM train.shape=(150000, 29),test.shape=(50000, 27)
2021-04-10 09:01:26 AM --------------------最终模型：--------------------
2021-04-10 09:02:20 AM 误差loss=0.056469999954277046时,模型的参数为：
2021-04-10 09:03:07 AM --------------------------------------------- BEGIN: 2021-04-10 09:03:07 ---------------------------------------------
2021-04-10 09:03:08 AM train.shape=(150000, 29),test.shape=(50000, 27)
2021-04-10 09:03:19 AM --------------------最终模型：--------------------
2021-04-10 09:04:12 AM 误差loss=0.056469999954277046时,模型的参数为：
2021-04-10 09:07:53 AM --------------------------------------------- BEGIN: 2021-04-10 09:07:53 ---------------------------------------------
2021-04-10 09:07:55 AM train.shape=(150000, 29),test.shape=(50000, 27)
2021-04-10 09:08:13 AM --------------------最终模型：--------------------
2021-04-10 09:09:07 AM 误差loss=0.056469999954277046时,模型的参数为：
2021-04-10 09:12:13 AM --------------------------------------------- END: 2021-04-10 09:12:13 ---------------------------------------------
2021-04-10 09:14:41 AM --------------------------------------------- BEGIN: 2021-04-10 09:14:41 ---------------------------------------------
2021-04-10 09:14:45 AM train.shape=(150000, 29),test.shape=(50000, 27)
2021-04-10 09:14:56 AM --------------------最终模型：--------------------
2021-04-10 09:15:49 AM 误差loss=0.056469999954277046时,模型的参数为：
2021-04-10 09:16:12 AM --------------------------------------------- END: 2021-04-10 09:16:12 ---------------------------------------------
2021-04-10 09:26:59 AM --------------------------------------------- BEGIN: 2021-04-10 09:26:59 ---------------------------------------------
2021-04-10 09:27:00 AM --------------------------------------------- BEGIN: 2021-04-10 09:27:00 ---------------------------------------------
2021-04-10 09:27:04 AM train.shape=(150000, 29),test.shape=(50000, 27)
2021-04-10 09:27:04 AM train.shape=(150000, 29),test.shape=(50000, 27)
2021-04-10 09:27:30 AM --------------------最终模型：--------------------
2021-04-10 09:30:24 AM 误差loss=0.056469999954277046时,模型的参数为：
2021-04-10 09:32:23 AM --------------------------------------------- END: 2021-04-10 09:32:23 ---------------------------------------------
2021-04-10 09:32:50 AM --------------------------------------------- END: 2021-04-10 09:32:50 ---------------------------------------------
2021-04-10 09:37:13 AM --------------------------------------------- BEGIN: 2021-04-10 09:37:13 ---------------------------------------------
2021-04-10 09:37:16 AM train.shape=(150000, 29),test.shape=(50000, 27)
2021-04-10 09:37:32 AM --------------------最终模型：--------------------
2021-04-10 09:44:49 AM --------------------------------------------- BEGIN: 2021-04-10 09:44:49 ---------------------------------------------
2021-04-10 09:44:51 AM train.shape=(150000, 29),test.shape=(50000, 27)
2021-04-10 09:45:02 AM --------------------最终模型：--------------------
2021-04-10 09:46:49 AM --------------------------------------------- BEGIN: 2021-04-10 09:46:49 ---------------------------------------------
2021-04-10 09:46:51 AM train.shape=(150000, 29),test.shape=(50000, 27)
2021-04-10 09:47:02 AM --------------------最终模型：--------------------
2021-04-10 09:48:19 AM --------------------------------------------- BEGIN: 2021-04-10 09:48:19 ---------------------------------------------
2021-04-10 09:48:20 AM train.shape=(150000, 29),test.shape=(50000, 27)
2021-04-10 09:48:32 AM --------------------最终模型：--------------------
2021-04-10 10:03:49 AM --------------------------------------------- BEGIN: 2021-04-10 10:03:49 ---------------------------------------------
2021-04-10 10:03:58 AM train.shape=(150000, 29),test.shape=(50000, 27)
2021-04-10 10:04:20 AM --------------------最终模型：--------------------
2021-04-10 10:06:45 AM --------------------------------------------- BEGIN: 2021-04-10 10:06:45 ---------------------------------------------
2021-04-10 10:06:50 AM train.shape=(150000, 29),test.shape=(50000, 27)
2021-04-10 10:07:08 AM --------------------最终模型：--------------------
2021-04-10 10:10:14 AM --------------------------------------------- BEGIN: 2021-04-10 10:10:14 ---------------------------------------------
2021-04-10 10:10:15 AM train.shape=(150000, 29),test.shape=(50000, 27)
2021-04-10 10:10:29 AM --------------------最终模型：--------------------
2021-04-10 10:13:45 AM --------------------------------------------- BEGIN: 2021-04-10 10:13:45 ---------------------------------------------
2021-04-10 10:13:47 AM train.shape=(150000, 29),test.shape=(50000, 27)
2021-04-10 10:14:03 AM --------------------最终模型：--------------------
2021-04-10 10:15:56 AM 误差loss=0.056469999954277046时,模型的参数为：
2021-04-10 10:16:07 AM --------------------------------------------- END: 2021-04-10 10:16:07 ---------------------------------------------
2021-04-10 10:19:07 AM --------------------------------------------- BEGIN: 2021-04-10 10:19:07 ---------------------------------------------
2021-04-10 10:19:11 AM train.shape=(150000, 29),test.shape=(50000, 27)
2021-04-10 10:19:27 AM --------------------最终模型：--------------------
2021-04-10 10:20:33 AM 误差loss=0.056469999954277046时,模型的参数为：
2021-04-10 10:20:42 AM --------------------------------------------- END: 2021-04-10 10:20:42 ---------------------------------------------
2021-04-10 10:23:42 AM --------------------------------------------- BEGIN: 2021-04-10 10:23:42 ---------------------------------------------
2021-04-10 10:23:44 AM train.shape=(150000, 29),test.shape=(50000, 27)
2021-04-10 10:24:00 AM --------------------最终模型：--------------------
2021-04-10 10:24:58 AM 误差loss=0.056469999954277046时,模型的参数为：
2021-04-10 10:46:55 AM --------------------------------------------- BEGIN: 2021-04-10 10:46:55 ---------------------------------------------
2021-04-10 10:46:59 AM train.shape=(150000, 29),test.shape=(50000, 27)
2021-04-10 10:48:46 AM --------------------------------------------- BEGIN: 2021-04-10 10:48:46 ---------------------------------------------
2021-04-10 10:48:48 AM train.shape=(150000, 29),test.shape=(50000, 27)
2021-04-10 10:52:25 AM --------------------------------------------- BEGIN: 2021-04-10 10:52:25 ---------------------------------------------
2021-04-10 10:52:27 AM train.shape=(150000, 29),test.shape=(50000, 27)
2021-04-10 10:55:31 AM --------------------------------------------- BEGIN: 2021-04-10 10:55:31 ---------------------------------------------
2021-04-10 10:55:32 AM train.shape=(150000, 29),test.shape=(50000, 27)
2021-04-10 10:57:53 AM --------------------------------------------- END: 2021-04-10 10:57:53 ---------------------------------------------
2021-04-10 10:59:29 AM --------------------------------------------- BEGIN: 2021-04-10 10:59:29 ---------------------------------------------
2021-04-10 10:59:33 AM train.shape=(150000, 29),test.shape=(50000, 27)
2021-04-10 11:01:54 AM --------------------------------------------- BEGIN: 2021-04-10 11:01:54 ---------------------------------------------
2021-04-10 11:01:56 AM train.shape=(150000, 29),test.shape=(50000, 27)
2021-04-10 11:02:37 AM --------------------------------------------- END: 2021-04-10 11:02:37 ---------------------------------------------
2021-04-10 11:09:56 AM --------------------------------------------- BEGIN: 2021-04-10 11:09:56 ---------------------------------------------
2021-04-10 11:09:58 AM train.shape=(150000, 29),test.shape=(50000, 27)
2021-04-10 11:11:42 AM --------------------------------------------- BEGIN: 2021-04-10 11:11:42 ---------------------------------------------
2021-04-10 11:11:44 AM train.shape=(150000, 29),test.shape=(50000, 27)
2021-04-10 11:13:48 AM --------------------------------------------- BEGIN: 2021-04-10 11:13:48 ---------------------------------------------
2021-04-10 11:13:49 AM train.shape=(150000, 29),test.shape=(50000, 27)
2021-04-10 11:14:58 AM --------------------------------------------- BEGIN: 2021-04-10 11:14:58 ---------------------------------------------
2021-04-10 11:14:59 AM train.shape=(150000, 29),test.shape=(50000, 27)
2021-04-10 11:18:05 AM --------------------------------------------- BEGIN: 2021-04-10 11:18:05 ---------------------------------------------
2021-04-10 11:18:07 AM train.shape=(150000, 29),test.shape=(50000, 27)
2021-04-10 11:19:02 AM 误差loss=0.056469999954277046时,模型的参数为：
2021-04-10 11:19:54 AM --------------------------------------------- BEGIN: 2021-04-10 11:19:54 ---------------------------------------------
2021-04-10 11:19:55 AM train.shape=(150000, 29),test.shape=(50000, 27)
2021-04-10 11:20:51 AM 误差loss=0.056469999954277046时,模型的参数为：
2021-04-10 11:20:56 AM 误差loss=0.056469999954277046时,模型的参数为：
2021-04-10 11:20:56 AM <xgboost.core.Booster object at 0x0000028412F78F98>
2021-04-10 11:31:39 AM --------------------------------------------- END: 2021-04-10 11:31:39 ---------------------------------------------
2021-04-10 11:34:02 AM --------------------------------------------- BEGIN: 2021-04-10 11:34:02 ---------------------------------------------
2021-04-10 11:34:05 AM train.shape=(150000, 29),test.shape=(50000, 27)
2021-04-10 11:35:22 AM 误差loss=0.056469999954277046时,模型的参数为：
2021-04-10 11:35:43 AM 误差loss=0.056469999954277046时,模型的参数为：
2021-04-10 11:35:43 AM <xgboost.core.Booster object at 0x000002AD8B7D5CC0>
2021-04-10 11:37:10 AM --------------------------------------------- END: 2021-04-10 11:37:10 ---------------------------------------------
2021-04-10 11:43:09 AM --------------------------------------------- BEGIN: 2021-04-10 11:43:09 ---------------------------------------------
2021-04-10 11:43:12 AM train.shape=(150000, 29),test.shape=(50000, 27)
2021-04-10 11:45:41 AM --------------------------------------------- BEGIN: 2021-04-10 11:45:41 ---------------------------------------------
2021-04-10 11:45:43 AM train.shape=(150000, 29),test.shape=(50000, 27)
2021-04-10 11:47:05 AM 误差loss=0.056469999954277046时,模型的参数为：
2021-04-10 11:47:48 AM --------------------------------------------- END: 2021-04-10 11:47:48 ---------------------------------------------
